<?xml version="1.0" encoding="UTF-8"?>
<!-- Generated by org.testng.reporters.JUnitReportReporter -->
<testsuite skipped="0" hostname="Dell" name="com.demo.tests.RestAPIDemoTest" tests="2" failures="0" timestamp="01 Oct 2020 20:05:35 GMT" time="4.091" errors="0">
  <testcase name="postRestAssured" time="3.934" classname="com.demo.tests.RestAPIDemoTest"/>
  <testcase name="restAPIDemoTest" time="0.157" classname="com.demo.tests.RestAPIDemoTest"/>
</testsuite> <!-- com.demo.tests.RestAPIDemoTest -->
