<?xml version="1.0" encoding="UTF-8"?>
<!-- Generated by org.testng.reporters.JUnitReportReporter -->
<testsuite skipped="0" hostname="Dell" name="com.demo.tests.LoginAnProfileDetailsValidationTest" tests="1" failures="0" timestamp="01 Oct 2020 20:05:35 GMT" time="6.629" errors="0">
  <testcase name="loginAnProfileDetailsValidationTest" time="6.629" classname="com.demo.tests.LoginAnProfileDetailsValidationTest"/>
</testsuite> <!-- com.demo.tests.LoginAnProfileDetailsValidationTest -->
